Android-2.6/app/build/intermediates/manifest_merge_blame_file/release/manifest-merger-blame-release-report.txt
1<?xml version="1.0" encoding="utf-8"?>
2<manifest xmlns:android="http://schemas.android.com/apk/res/android"
3    package="com.SUGOI.apps.sugoi"
4    android:versionCode="257"
5    android:versionName="2.5.7" >
6
7    <uses-sdk
8        android:minSdkVersion="17"
8-->src\main\AndroidManifest.xml
9        android:targetSdkVersion="30" />
9-->src\main\AndroidManifest.xml
10
11    <uses-permission android:name="android.permission.ACCESS_COARSE_LOCATION" />
11-->src\main\AndroidManifest.xml:6:5-81
11-->src\main\AndroidManifest.xml:6:22-78
12    <uses-permission android:name="android.permission.ACCESS_FINE_LOCATION" />
12-->src\main\AndroidManifest.xml:7:5-79
12-->src\main\AndroidManifest.xml:7:22-76
13    <uses-permission android:name="android.permission.WAKE_LOCK" />
13-->src\main\AndroidManifest.xml:8:5-68
13-->src\main\AndroidManifest.xml:8:22-65
14    <uses-permission android:name="android.permission.CALL_PHONE" />
14-->src\main\AndroidManifest.xml:9:5-69
14-->src\main\AndroidManifest.xml:9:22-66
15    <uses-permission android:name="android.permission.READ_EXTERNAL_STORAGE" />
15-->src\main\AndroidManifest.xml:10:5-80
15-->src\main\AndroidManifest.xml:10:22-77
16    <uses-permission android:name="android.permission.WRITE_EXTERNAL_STORAGE" />
16-->src\main\AndroidManifest.xml:11:5-81
16-->src\main\AndroidManifest.xml:11:22-78
17    <uses-permission android:name="android.permission.INTERNET" />
17-->src\main\AndroidManifest.xml:12:5-67
17-->src\main\AndroidManifest.xml:12:22-64
18    <uses-permission android:name="android.permission.ACCESS_NETWORK_STATE" />
18-->src\main\AndroidManifest.xml:13:5-79
18-->src\main\AndroidManifest.xml:13:22-76
19    <uses-permission android:name="android.permission.ACCESS_WIFI_STATE" />
19-->src\main\AndroidManifest.xml:14:5-76
19-->src\main\AndroidManifest.xml:14:22-73
20    <!-- BroadcastReceiver permission to listen to the network -->
21    <uses-permission android:name="android.permission.CHANGE_WIFI_STATE" />
21-->src\main\AndroidManifest.xml:18:5-76
21-->src\main\AndroidManifest.xml:18:22-73
22    <uses-permission android:name="android.permission.CHANGE_NETWORK_STATE" />
22-->src\main\AndroidManifest.xml:19:5-79
22-->src\main\AndroidManifest.xml:19:22-76
23    <uses-permission android:name="android.permission.BLUETOOTH" /> <!-- Required OpenGL ES 2.0. for Maps V2 -->
23-->src\main\AndroidManifest.xml:20:5-68
23-->src\main\AndroidManifest.xml:20:22-65
24    <uses-permission android:name="android.permission.CAMERA" />
24-->src\main\AndroidManifest.xml:21:5-65
24-->src\main\AndroidManifest.xml:21:22-62
25
26    <uses-feature
26-->src\main\AndroidManifest.xml:23:5-25:35
27        android:glEsVersion="0x00020000"
27-->src\main\AndroidManifest.xml:24:9-41
28        android:required="true" />
28-->src\main\AndroidManifest.xml:25:9-32
29    <uses-feature
29-->src\main\AndroidManifest.xml:26:5-28:35
30        android:name="android.hardware.location"
30-->src\main\AndroidManifest.xml:27:9-49
31        android:required="true" />
31-->src\main\AndroidManifest.xml:28:9-32
32    <uses-feature
32-->src\main\AndroidManifest.xml:29:5-31:35
33        android:name="android.hardware.location.gps"
33-->src\main\AndroidManifest.xml:30:9-53
34        android:required="true" />
34-->src\main\AndroidManifest.xml:31:9-32
35    <uses-feature
35-->src\main\AndroidManifest.xml:32:5-34:35
36        android:name="android.hardware.camera"
36-->src\main\AndroidManifest.xml:33:9-47
37        android:required="true" />
37-->src\main\AndroidManifest.xml:34:9-32
38
39    <supports-screens
39-->src\main\AndroidManifest.xml:36:5-40:39
40        android:anyDensity="true"
40-->src\main\AndroidManifest.xml:37:9-34
41        android:largeScreens="true"
41-->src\main\AndroidManifest.xml:38:9-36
42        android:normalScreens="true"
42-->src\main\AndroidManifest.xml:39:9-37
43        android:smallScreens="true" />
43-->src\main\AndroidManifest.xml:40:9-36
44
45    <uses-permission android:name="android.permission.VIBRATE" />
45-->[com.wdullaer:materialdatetimepicker:3.2.0] AndroidManifest.xml:26:5-66
45-->[com.wdullaer:materialdatetimepicker:3.2.0] AndroidManifest.xml:26:22-63
46
47    <uses-feature
47-->[com.journeyapps:zxing-android-embedded:3.6.0] AndroidManifest.xml:28:5-30:36
48        android:name="android.hardware.camera.front"
48-->[com.journeyapps:zxing-android-embedded:3.6.0] AndroidManifest.xml:29:9-53
49        android:required="false" /> <!-- TODO replace above two with next line after Android 4.2 -->
49-->[com.journeyapps:zxing-android-embedded:3.6.0] AndroidManifest.xml:30:9-33
50    <!-- <uses-feature android:name="android.hardware.camera.any"/> -->
51    <uses-feature
51-->[com.journeyapps:zxing-android-embedded:3.6.0] AndroidManifest.xml:33:5-35:36
52        android:name="android.hardware.camera.autofocus"
52-->[com.journeyapps:zxing-android-embedded:3.6.0] AndroidManifest.xml:34:9-57
53        android:required="false" />
53-->[com.journeyapps:zxing-android-embedded:3.6.0] AndroidManifest.xml:35:9-33
54    <uses-feature
54-->[com.journeyapps:zxing-android-embedded:3.6.0] AndroidManifest.xml:36:5-38:36
55        android:name="android.hardware.camera.flash"
55-->[com.journeyapps:zxing-android-embedded:3.6.0] AndroidManifest.xml:37:9-53
56        android:required="false" />
56-->[com.journeyapps:zxing-android-embedded:3.6.0] AndroidManifest.xml:38:9-33
57    <uses-feature
57-->[com.journeyapps:zxing-android-embedded:3.6.0] AndroidManifest.xml:39:5-41:36
58        android:name="android.hardware.screen.landscape"
58-->[com.journeyapps:zxing-android-embedded:3.6.0] AndroidManifest.xml:40:9-57
59        android:required="false" />
59-->[com.journeyapps:zxing-android-embedded:3.6.0] AndroidManifest.xml:41:9-33
60    <uses-feature
60-->[com.journeyapps:zxing-android-embedded:3.6.0] AndroidManifest.xml:42:5-44:36
61        android:name="android.hardware.wifi"
61-->[com.journeyapps:zxing-android-embedded:3.6.0] AndroidManifest.xml:43:9-45
62        android:required="false" /> <!-- Required by older versions of Google Play services to create IID tokens -->
62-->[com.journeyapps:zxing-android-embedded:3.6.0] AndroidManifest.xml:44:9-33
63    <uses-permission android:name="com.google.android.c2dm.permission.RECEIVE" />
63-->[com.google.firebase:firebase-iid:18.0.0] AndroidManifest.xml:26:5-82
63-->[com.google.firebase:firebase-iid:18.0.0] AndroidManifest.xml:26:22-79
64    <uses-permission android:name="com.google.android.finsky.permission.BIND_GET_INSTALL_REFERRER_SERVICE" />
64-->[com.google.android.gms:play-services-measurement:18.0.0] AndroidManifest.xml:26:5-110
64-->[com.google.android.gms:play-services-measurement:18.0.0] AndroidManifest.xml:26:22-107
65
66    <application
66-->src\main\AndroidManifest.xml:42:5-329:19
67        android:name="com.droideve.apps.sugoi.AppController"
67-->src\main\AndroidManifest.xml:43:9-38
68        android:allowBackup="true"
68-->src\main\AndroidManifest.xml:44:9-35
69        android:appComponentFactory="androidx.core.app.CoreComponentFactory"
69-->[androidx.core:core:1.5.0] AndroidManifest.xml:24:18-86
70        android:icon="@mipmap/ic_launcher"
70-->src\main\AndroidManifest.xml:45:9-43
71        android:label="@string/app_name"
71-->src\main\AndroidManifest.xml:46:9-41
72        android:largeHeap="true"
72-->src\main\AndroidManifest.xml:47:9-33
73        android:networkSecurityConfig="@xml/network_security_config"
73-->src\main\AndroidManifest.xml:48:9-69
74        android:supportsRtl="true"
74-->src\main\AndroidManifest.xml:49:9-35
75        android:theme="@style/AppTheme" >
75-->src\main\AndroidManifest.xml:50:9-40
76        <activity android:name="com.droideve.apps.sugoi.ChartAnalysisActivity" />
76-->src\main\AndroidManifest.xml:52:9-68
76-->src\main\AndroidManifest.xml:52:19-56
77        <activity android:name="com.droideve.apps.sugoi.ChartActivity" />
77-->src\main\AndroidManifest.xml:53:9-51
77-->src\main\AndroidManifest.xml:53:19-48
78        <activity
78-->src\main\AndroidManifest.xml:54:9-56:69
79            android:name="com.droideve.apps.sugoi.Scan_Qr"
79-->src\main\AndroidManifest.xml:55:13-36
80            android:parentActivityName="com.droideve.apps.sugoi.activities.MainActivity" />
80-->src\main\AndroidManifest.xml:56:13-66
81        <activity
81-->src\main\AndroidManifest.xml:57:9-59:62
82            android:name="com.droideve.apps.sugoi.QR"
82-->src\main\AndroidManifest.xml:58:13-31
83            android:parentActivityName="com.droideve.apps.sugoi.user_coupon_list" />
83-->src\main\AndroidManifest.xml:59:13-59
84        <activity android:name="com.droideve.apps.sugoi.CustomDialog" />
84-->src\main\AndroidManifest.xml:60:9-50
84-->src\main\AndroidManifest.xml:60:19-47
85        <activity
85-->src\main\AndroidManifest.xml:61:9-63:69
86            android:name="com.droideve.apps.sugoi.user_coupon_list"
86-->src\main\AndroidManifest.xml:62:13-45
87            android:parentActivityName="com.droideve.apps.sugoi.activities.MainActivity" />
87-->src\main\AndroidManifest.xml:63:13-66
88        <activity android:name="com.droideve.apps.sugoi.CouponActivity" />
88-->src\main\AndroidManifest.xml:64:9-52
88-->src\main\AndroidManifest.xml:64:19-49
89        <activity android:name="com.droideve.apps.sugoi.activities.ActivateMerchantAcitivity" />
89-->src\main\AndroidManifest.xml:65:9-74
89-->src\main\AndroidManifest.xml:65:19-71
90
91        <uses-library
91-->src\main\AndroidManifest.xml:67:9-69:40
92            android:name="org.apache.http.legacy"
92-->src\main\AndroidManifest.xml:68:13-50
93            android:required="false" /> <!-- Goolge Maps API Key -->
93-->src\main\AndroidManifest.xml:69:13-37
94        <meta-data
94-->src\main\AndroidManifest.xml:70:9-72:52
95            android:name="com.google.android.geo.API_KEY"
95-->src\main\AndroidManifest.xml:71:13-58
96            android:value="@string/map_api_key0" />
96-->src\main\AndroidManifest.xml:72:13-49
97        <meta-data
97-->src\main\AndroidManifest.xml:73:9-75:49
98            android:name="com.google.android.gms.ads.APPLICATION_ID"
98-->src\main\AndroidManifest.xml:74:13-69
99            android:value="@string/ad_app_id" />
99-->src\main\AndroidManifest.xml:75:13-46
100
101        <service android:name="com.droideve.apps.sugoi.push_notification_firebase.FirebaseMessagingService" >
101-->src\main\AndroidManifest.xml:77:9-81:19
101-->src\main\AndroidManifest.xml:77:18-85
102            <intent-filter>
102-->src\main\AndroidManifest.xml:78:13-80:29
103                <action android:name="com.google.firebase.MESSAGING_EVENT" />
103-->src\main\AndroidManifest.xml:79:17-78
103-->src\main\AndroidManifest.xml:79:25-75
104            </intent-filter>
105        </service>
106        <service android:name="com.droideve.apps.sugoi.push_notification_firebase.FirebaseInstanceIDService" >
106-->src\main\AndroidManifest.xml:82:9-86:19
106-->src\main\AndroidManifest.xml:82:18-86
107            <intent-filter>
107-->src\main\AndroidManifest.xml:83:13-85:29
108                <action android:name="com.google.firebase.INSTANCE_ID_EVENT" />
108-->src\main\AndroidManifest.xml:84:17-80
108-->src\main\AndroidManifest.xml:84:25-77
109            </intent-filter>
110        </service>
111
112        <activity
112-->src\main\AndroidManifest.xml:88:9-91:64
113            android:name="com.google.android.gms.ads.AdActivity"
113-->src\main\AndroidManifest.xml:89:13-65
114            android:configChanges="keyboard|keyboardHidden|orientation|screenLayout|uiMode|screenSize|smallestScreenSize"
114-->src\main\AndroidManifest.xml:90:13-122
115            android:exported="false"
115-->[com.google.android.gms:play-services-ads-lite:17.2.0] AndroidManifest.xml:32:13-37
116            android:theme="@android:style/Theme.Translucent" />
116-->src\main\AndroidManifest.xml:91:13-61
117
118        <receiver android:name="com.droideve.apps.sugoi.dtmessenger.DCMBroadcastReceiver" >
118-->src\main\AndroidManifest.xml:93:9-100:20
118-->src\main\AndroidManifest.xml:93:19-67
119            <intent-filter>
119-->src\main\AndroidManifest.xml:94:13-99:29
120                <action android:name="android.net.conn.CONNECTIVITY_CHANGE" />
120-->src\main\AndroidManifest.xml:95:17-97:50
120-->src\main\AndroidManifest.xml:96:21-72
121                <action android:name="android.net.wifi.WIFI_STATE_CHANGED" />
121-->src\main\AndroidManifest.xml:98:17-78
121-->src\main\AndroidManifest.xml:98:25-75
122            </intent-filter>
123        </receiver>
124
125        <activity
125-->src\main\AndroidManifest.xml:102:9-104:52
126            android:name="com.droideve.apps.sugoi.activities.IntroSliderActivity"
126-->src\main\AndroidManifest.xml:103:13-59
127            android:screenOrientation="portrait" />
127-->src\main\AndroidManifest.xml:104:13-49
128        <activity
128-->src\main\AndroidManifest.xml:105:9-107:52
129            android:name="com.droideve.apps.sugoi.activities.MessengerActivity"
129-->src\main\AndroidManifest.xml:106:13-57
130            android:screenOrientation="portrait" />
130-->src\main\AndroidManifest.xml:107:13-49
131        <activity
131-->src\main\AndroidManifest.xml:108:9-110:52
132            android:name="com.droideve.apps.sugoi.activities.ReviewsActivity"
132-->src\main\AndroidManifest.xml:109:13-55
133            android:screenOrientation="portrait" />
133-->src\main\AndroidManifest.xml:110:13-49
134        <activity
134-->src\main\AndroidManifest.xml:111:9-113:52
135            android:name="com.droideve.apps.sugoi.activities.OffersListActivity"
135-->src\main\AndroidManifest.xml:112:13-58
136            android:screenOrientation="portrait" />
136-->src\main\AndroidManifest.xml:113:13-49
137        <activity
137-->src\main\AndroidManifest.xml:114:9-116:52
138            android:name="com.droideve.apps.sugoi.activities.ListUsersActivity"
138-->src\main\AndroidManifest.xml:115:13-57
139            android:screenOrientation="portrait" />
139-->src\main\AndroidManifest.xml:116:13-49
140        <activity
140-->src\main\AndroidManifest.xml:117:9-119:52
141            android:name="com.droideve.apps.sugoi.activities.InboxActivity"
141-->src\main\AndroidManifest.xml:118:13-53
142            android:screenOrientation="portrait" />
142-->src\main\AndroidManifest.xml:119:13-49
143        <activity
143-->src\main\AndroidManifest.xml:120:9-124:63
144            android:name="com.wuadam.awesomewebview.AwesomeWebViewActivity"
144-->src\main\AndroidManifest.xml:121:13-76
145            android:configChanges="keyboardHidden|orientation|screenSize"
145-->src\main\AndroidManifest.xml:122:13-74
146            android:hardwareAccelerated="true"
146-->src\main\AndroidManifest.xml:123:13-47
147            android:theme="@style/FinestWebViewTheme.Light" />
147-->src\main\AndroidManifest.xml:124:13-60
148        <activity
148-->src\main\AndroidManifest.xml:125:9-128:52
149            android:name="com.droideve.apps.sugoi.activities.MainActivity"
149-->src\main\AndroidManifest.xml:126:13-52
150            android:configChanges="uiMode"
150-->src\main\AndroidManifest.xml:127:13-43
151            android:screenOrientation="portrait" />
151-->src\main\AndroidManifest.xml:128:13-49
152        <activity
152-->src\main\AndroidManifest.xml:129:9-131:52
153            android:name="com.droideve.apps.sugoi.activities.MapDirectionActivity"
153-->src\main\AndroidManifest.xml:130:13-60
154            android:screenOrientation="portrait" />
154-->src\main\AndroidManifest.xml:131:13-49
155        <activity
155-->src\main\AndroidManifest.xml:132:9-134:52
156            android:name="com.droideve.apps.sugoi.activities.MapStoresListActivity"
156-->src\main\AndroidManifest.xml:133:13-61
157            android:screenOrientation="portrait" />
157-->src\main\AndroidManifest.xml:134:13-49
158        <activity
158-->src\main\AndroidManifest.xml:135:9-137:52
159            android:name="com.droideve.apps.sugoi.activities.AboutActivity"
159-->src\main\AndroidManifest.xml:136:13-53
160            android:screenOrientation="portrait" />
160-->src\main\AndroidManifest.xml:137:13-49
161        <activity
161-->src\main\AndroidManifest.xml:138:9-140:52
162            android:name="com.droideve.apps.sugoi.activities.ProfileActivity"
162-->src\main\AndroidManifest.xml:139:13-55
163            android:screenOrientation="portrait" />
163-->src\main\AndroidManifest.xml:140:13-49
164        <activity
164-->src\main\AndroidManifest.xml:141:9-143:52
165            android:name="com.droideve.apps.sugoi.activities.CategoriesActivity"
165-->src\main\AndroidManifest.xml:142:13-58
166            android:screenOrientation="portrait" />
166-->src\main\AndroidManifest.xml:143:13-49
167        <activity
167-->src\main\AndroidManifest.xml:144:9-146:52
168            android:name="com.droideve.apps.sugoi.activities.ListStoresActivity"
168-->src\main\AndroidManifest.xml:145:13-58
169            android:screenOrientation="portrait" />
169-->src\main\AndroidManifest.xml:146:13-49
170        <activity
170-->src\main\AndroidManifest.xml:147:9-149:52
171            android:name="com.droideve.apps.sugoi.activities.EventsListActivity"
171-->src\main\AndroidManifest.xml:148:13-58
172            android:screenOrientation="portrait" />
172-->src\main\AndroidManifest.xml:149:13-49
173        <activity
173-->src\main\AndroidManifest.xml:150:9-152:52
174            android:name="com.droideve.apps.sugoi.activities.StoresListActivity"
174-->src\main\AndroidManifest.xml:151:13-58
175            android:screenOrientation="portrait" />
175-->src\main\AndroidManifest.xml:152:13-49
176        <activity
176-->src\main\AndroidManifest.xml:153:9-155:52
177            android:name="com.droideve.apps.sugoi.activities.PeopleListActivity"
177-->src\main\AndroidManifest.xml:154:13-58
178            android:screenOrientation="portrait" />
178-->src\main\AndroidManifest.xml:155:13-49
179        <activity
179-->src\main\AndroidManifest.xml:156:9-158:52
180            android:name="com.droideve.apps.sugoi.activities.CustomSearchActivity"
180-->src\main\AndroidManifest.xml:157:13-60
181            android:screenOrientation="portrait" />
181-->src\main\AndroidManifest.xml:158:13-49
182        <activity
182-->src\main\AndroidManifest.xml:159:9-161:52
183            android:name="com.droideve.apps.sugoi.activities.VR_View"
183-->src\main\AndroidManifest.xml:160:13-47
184            android:screenOrientation="portrait" />
184-->src\main\AndroidManifest.xml:161:13-49
185        <activity
185-->src\main\AndroidManifest.xml:162:9-170:20
186            android:name="com.droideve.apps.sugoi.activities.SplashActivity"
186-->src\main\AndroidManifest.xml:163:13-54
187            android:screenOrientation="portrait" >
187-->src\main\AndroidManifest.xml:164:13-49
188            <intent-filter>
188-->src\main\AndroidManifest.xml:165:13-169:29
189                <action android:name="android.intent.action.MAIN" />
189-->src\main\AndroidManifest.xml:166:17-69
189-->src\main\AndroidManifest.xml:166:25-66
190
191                <category android:name="android.intent.category.LAUNCHER" />
191-->src\main\AndroidManifest.xml:168:17-77
191-->src\main\AndroidManifest.xml:168:27-74
192            </intent-filter>
193        </activity>
194        <activity
194-->src\main\AndroidManifest.xml:171:9-173:52
195            android:name="com.droideve.apps.sugoi.activities.SettingActivity"
195-->src\main\AndroidManifest.xml:172:13-55
196            android:screenOrientation="portrait" />
196-->src\main\AndroidManifest.xml:173:13-49
197        <activity
197-->src\main\AndroidManifest.xml:174:9-176:52
198            android:name="com.droideve.apps.sugoi.activities.SliderActivity"
198-->src\main\AndroidManifest.xml:175:13-54
199            android:screenOrientation="portrait" />
199-->src\main\AndroidManifest.xml:176:13-49
200        <activity
200-->src\main\AndroidManifest.xml:177:9-179:52
201            android:name="com.droideve.apps.sugoi.activities.GalleryActivity"
201-->src\main\AndroidManifest.xml:178:13-55
202            android:screenOrientation="portrait" />
202-->src\main\AndroidManifest.xml:179:13-49
203        <activity
203-->src\main\AndroidManifest.xml:180:9-217:20
204            android:name="com.droideve.apps.sugoi.activities.OfferDetailActivity"
204-->src\main\AndroidManifest.xml:181:13-59
205            android:screenOrientation="portrait" >
205-->src\main\AndroidManifest.xml:182:13-49
206            <intent-filter android:label="@string/_DP_OFFER_MESSAGE" >
206-->src\main\AndroidManifest.xml:183:13-216:29
206-->src\main\AndroidManifest.xml:183:28-69
207                <action android:name="android.intent.action.VIEW" />
207-->src\main\AndroidManifest.xml:184:17-69
207-->src\main\AndroidManifest.xml:184:25-66
208
209                <category android:name="android.intent.category.DEFAULT" />
209-->src\main\AndroidManifest.xml:186:17-76
209-->src\main\AndroidManifest.xml:186:27-73
210                <category android:name="android.intent.category.BROWSABLE" />
210-->src\main\AndroidManifest.xml:187:17-78
210-->src\main\AndroidManifest.xml:187:27-75
211                <!-- Accepts URIs that begin with "http://www.example.com/gizmos” -->
212
213                <data
213-->src\main\AndroidManifest.xml:190:17-193:46
214                    android:host="@string/_DP_HOST_NAME"
214-->src\main\AndroidManifest.xml:191:21-57
215                    android:pathPrefix="@string/DP_PATH_PREFIX_OFFER"
215-->src\main\AndroidManifest.xml:192:21-70
216                    android:scheme="nsapp" />
216-->src\main\AndroidManifest.xml:193:21-43
217                <data
217-->src\main\AndroidManifest.xml:190:17-193:46
218                    android:host="@string/_DP_HOST_NAME"
218-->src\main\AndroidManifest.xml:191:21-57
219                    android:pathPrefix="@string/DP_PATH_PREFIX_OFFER"
219-->src\main\AndroidManifest.xml:192:21-70
220                    android:scheme="http" />
220-->src\main\AndroidManifest.xml:193:21-43
221                <data
221-->src\main\AndroidManifest.xml:190:17-193:46
222                    android:host="@string/_DP_HOST_NAME"
222-->src\main\AndroidManifest.xml:191:21-57
223                    android:pathPrefix="@string/DP_PATH_PREFIX_OFFER"
223-->src\main\AndroidManifest.xml:192:21-70
224                    android:scheme="https" />
224-->src\main\AndroidManifest.xml:193:21-43
225
226                <!-- WITH INDEX -->
227                <data
227-->src\main\AndroidManifest.xml:190:17-193:46
228                    android:host="@string/_DP_HOST_NAME"
228-->src\main\AndroidManifest.xml:191:21-57
229                    android:pathPrefix="@string/DP_PATH_PREFIX_OFFER_INDEX"
229-->src\main\AndroidManifest.xml:192:21-70
230                    android:scheme="nsapp" />
230-->src\main\AndroidManifest.xml:193:21-43
231                <data
231-->src\main\AndroidManifest.xml:190:17-193:46
232                    android:host="@string/_DP_HOST_NAME"
232-->src\main\AndroidManifest.xml:191:21-57
233                    android:pathPrefix="@string/DP_PATH_PREFIX_OFFER_INDEX"
233-->src\main\AndroidManifest.xml:192:21-70
234                    android:scheme="http" />
234-->src\main\AndroidManifest.xml:193:21-43
235                <data
235-->src\main\AndroidManifest.xml:190:17-193:46
236                    android:host="@string/_DP_HOST_NAME"
236-->src\main\AndroidManifest.xml:191:21-57
237                    android:pathPrefix="@string/DP_PATH_PREFIX_OFFER_INDEX"
237-->src\main\AndroidManifest.xml:192:21-70
238                    android:scheme="https" />
238-->src\main\AndroidManifest.xml:193:21-43
239            </intent-filter>
240        </activity>
241        <activity
241-->src\main\AndroidManifest.xml:218:9-257:20
242            android:name="com.droideve.apps.sugoi.activities.StoreDetailActivity"
242-->src\main\AndroidManifest.xml:219:13-59
243            android:screenOrientation="portrait" >
243-->src\main\AndroidManifest.xml:220:13-49
244            <intent-filter android:label="@string/_DP_STORE_MESSAGE" >
244-->src\main\AndroidManifest.xml:221:13-256:29
244-->src\main\AndroidManifest.xml:221:28-69
245                <action android:name="android.intent.action.VIEW" />
245-->src\main\AndroidManifest.xml:184:17-69
245-->src\main\AndroidManifest.xml:184:25-66
246
247                <category android:name="android.intent.category.DEFAULT" />
247-->src\main\AndroidManifest.xml:186:17-76
247-->src\main\AndroidManifest.xml:186:27-73
248                <category android:name="android.intent.category.BROWSABLE" />
248-->src\main\AndroidManifest.xml:187:17-78
248-->src\main\AndroidManifest.xml:187:27-75
249                <!-- Accepts URIs that begin with "http://www.example.com/gizmos” -->
250
251                <data
251-->src\main\AndroidManifest.xml:190:17-193:46
252                    android:host="@string/_DP_HOST_NAME"
252-->src\main\AndroidManifest.xml:191:21-57
253                    android:pathPrefix="@string/DP_PATH_PREFIX_STORE"
253-->src\main\AndroidManifest.xml:192:21-70
254                    android:scheme="nsapp" />
254-->src\main\AndroidManifest.xml:193:21-43
255                <data
255-->src\main\AndroidManifest.xml:190:17-193:46
256                    android:host="@string/_DP_HOST_NAME"
256-->src\main\AndroidManifest.xml:191:21-57
257                    android:pathPrefix="@string/DP_PATH_PREFIX_STORE"
257-->src\main\AndroidManifest.xml:192:21-70
258                    android:scheme="http" />
258-->src\main\AndroidManifest.xml:193:21-43
259                <data
259-->src\main\AndroidManifest.xml:190:17-193:46
260                    android:host="@string/_DP_HOST_NAME"
260-->src\main\AndroidManifest.xml:191:21-57
261                    android:pathPrefix="@string/DP_PATH_PREFIX_STORE"
261-->src\main\AndroidManifest.xml:192:21-70
262                    android:scheme="https" />
262-->src\main\AndroidManifest.xml:193:21-43
263
264                <!-- WITH INDEX -->
265                <data
265-->src\main\AndroidManifest.xml:190:17-193:46
266                    android:host="@string/_DP_HOST_NAME"
266-->src\main\AndroidManifest.xml:191:21-57
267                    android:pathPrefix="@string/DP_PATH_PREFIX_STORE_INDEX"
267-->src\main\AndroidManifest.xml:192:21-70
268                    android:scheme="nsapp" />
268-->src\main\AndroidManifest.xml:193:21-43
269                <data
269-->src\main\AndroidManifest.xml:190:17-193:46
270                    android:host="@string/_DP_HOST_NAME"
270-->src\main\AndroidManifest.xml:191:21-57
271                    android:pathPrefix="@string/DP_PATH_PREFIX_STORE_INDEX"
271-->src\main\AndroidManifest.xml:192:21-70
272                    android:scheme="http" />
272-->src\main\AndroidManifest.xml:193:21-43
273                <data
273-->src\main\AndroidManifest.xml:190:17-193:46
274                    android:host="@string/_DP_HOST_NAME"
274-->src\main\AndroidManifest.xml:191:21-57
275                    android:pathPrefix="@string/DP_PATH_PREFIX_STORE_INDEX"
275-->src\main\AndroidManifest.xml:192:21-70
276                    android:scheme="https" />
276-->src\main\AndroidManifest.xml:193:21-43
277
278                <!-- note that the leading "/" is required for pathPrefix -->
279            </intent-filter>
280        </activity>
281        <activity
281-->src\main\AndroidManifest.xml:258:9-296:20
282            android:name="com.droideve.apps.sugoi.activities.EventDetailActivity"
282-->src\main\AndroidManifest.xml:259:13-59
283            android:screenOrientation="portrait" >
283-->src\main\AndroidManifest.xml:260:13-49
284            <intent-filter android:label="@string/_DP_EVENT_MESSAGE" >
284-->src\main\AndroidManifest.xml:261:13-295:29
284-->src\main\AndroidManifest.xml:261:28-69
285                <action android:name="android.intent.action.VIEW" />
285-->src\main\AndroidManifest.xml:184:17-69
285-->src\main\AndroidManifest.xml:184:25-66
286
287                <category android:name="android.intent.category.DEFAULT" />
287-->src\main\AndroidManifest.xml:186:17-76
287-->src\main\AndroidManifest.xml:186:27-73
288                <category android:name="android.intent.category.BROWSABLE" />
288-->src\main\AndroidManifest.xml:187:17-78
288-->src\main\AndroidManifest.xml:187:27-75
289
290                <data
290-->src\main\AndroidManifest.xml:190:17-193:46
291                    android:host="@string/_DP_HOST_NAME"
291-->src\main\AndroidManifest.xml:191:21-57
292                    android:pathPrefix="@string/DP_PATH_PREFIX_EVENT"
292-->src\main\AndroidManifest.xml:192:21-70
293                    android:scheme="nsapp" />
293-->src\main\AndroidManifest.xml:193:21-43
294                <data
294-->src\main\AndroidManifest.xml:190:17-193:46
295                    android:host="@string/_DP_HOST_NAME"
295-->src\main\AndroidManifest.xml:191:21-57
296                    android:pathPrefix="@string/DP_PATH_PREFIX_EVENT"
296-->src\main\AndroidManifest.xml:192:21-70
297                    android:scheme="http" />
297-->src\main\AndroidManifest.xml:193:21-43
298                <data
298-->src\main\AndroidManifest.xml:190:17-193:46
299                    android:host="@string/_DP_HOST_NAME"
299-->src\main\AndroidManifest.xml:191:21-57
300                    android:pathPrefix="@string/DP_PATH_PREFIX_EVENT"
300-->src\main\AndroidManifest.xml:192:21-70
301                    android:scheme="https" />
301-->src\main\AndroidManifest.xml:193:21-43
302                <!-- note that the leading "/" is required for pathPrefix -->
303
304
305                <!-- WITH INDEX -->
306                <data
306-->src\main\AndroidManifest.xml:190:17-193:46
307                    android:host="@string/_DP_HOST_NAME"
307-->src\main\AndroidManifest.xml:191:21-57
308                    android:pathPrefix="@string/DP_PATH_PREFIX_EVENT_INDEX"
308-->src\main\AndroidManifest.xml:192:21-70
309                    android:scheme="nsapp" />
309-->src\main\AndroidManifest.xml:193:21-43
310                <data
310-->src\main\AndroidManifest.xml:190:17-193:46
311                    android:host="@string/_DP_HOST_NAME"